Built from 'mb_2022_3_16_rel' branch; Version is '2022.3.16f1 (6e3ab8aedbac) revision 7223992'; Using compiler version '192930151'; Build Type 'Release'
OS: 'Windows 10  (10.0.19045) 64bit Professional' Language: 'zh' Physical Memory: 65459 MB
BatchMode: 1, IsHumanControllingUs: 0, StartBugReporterOnCrash: 0, Is64bit: 1, IsPro: 1

COMMAND LINE ARGUMENTS:
H:\Projects\Unity\Unity.exe
-adb2
-batchMode
-noUpm
-name
AssetImportWorker0
-projectPath
G:/MemoryProfilerAnalyze
-logFile
Logs/AssetImportWorker0.log
-srvPort
53451
Successfully changed project path to: G:/MemoryProfilerAnalyze
G:/MemoryProfilerAnalyze
[UnityMemory] Configuration Parameters - Can be set up in boot.config
    "memorysetup-bucket-allocator-granularity=16"
    "memorysetup-bucket-allocator-bucket-count=8"
    "memorysetup-bucket-allocator-block-size=33554432"
    "memorysetup-bucket-allocator-block-count=8"
    "memorysetup-main-allocator-block-size=16777216"
    "memorysetup-thread-allocator-block-size=16777216"
    "memorysetup-gfx-main-allocator-block-size=16777216"
    "memorysetup-gfx-thread-allocator-block-size=16777216"
    "memorysetup-cache-allocator-block-size=4194304"
    "memorysetup-typetree-allocator-block-size=2097152"
    "memorysetup-profiler-bucket-allocator-granularity=16"
    "memorysetup-profiler-bucket-allocator-bucket-count=8"
    "memorysetup-profiler-bucket-allocator-block-size=33554432"
    "memorysetup-profiler-bucket-allocator-block-count=8"
    "memorysetup-profiler-allocator-block-size=16777216"
    "memorysetup-profiler-editor-allocator-block-size=1048576"
    "memorysetup-temp-allocator-size-main=16777216"
    "memorysetup-job-temp-allocator-block-size=2097152"
    "memorysetup-job-temp-allocator-block-size-background=1048576"
    "memorysetup-job-temp-allocator-reduction-small-platforms=262144"
    "memorysetup-allocator-temp-initial-block-size-main=262144"
    "memorysetup-allocator-temp-initial-block-size-worker=262144"
    "memorysetup-temp-allocator-size-background-worker=32768"
    "memorysetup-temp-allocator-size-job-worker=262144"
    "memorysetup-temp-allocator-size-preload-manager=33554432"
    "memorysetup-temp-allocator-size-nav-mesh-worker=65536"
    "memorysetup-temp-allocator-size-audio-worker=65536"
    "memorysetup-temp-allocator-size-cloud-worker=32768"
    "memorysetup-temp-allocator-size-gi-baking-worker=262144"
    "memorysetup-temp-allocator-size-gfx=262144"
Player connection [20844] Host "[IP] 169.254.142.74 [Port] 0 [Flags] 2 [Guid] 4237552494 [EditorId] 4237552494 [Version] 1048832 [Id] WindowsEditor(7,Dary) [Debug] 1 [PackageName] WindowsEditor [ProjectName] Editor" joined multi-casting on [225.0.0.222:54997]...

Player connection [20844] Host "[IP] 169.254.142.74 [Port] 0 [Flags] 2 [Guid] 4237552494 [EditorId] 4237552494 [Version] 1048832 [Id] WindowsEditor(7,Dary) [Debug] 1 [PackageName] WindowsEditor [ProjectName] Editor" joined alternative multi-casting on [225.0.0.222:34997]...

Using pre-set license
[Physics::Module] Initialized MultithreadedJobDispatcher with 7 workers.
Refreshing native plugins compatible for Editor in 15.92 ms, found 3 plugins.
Preloading 0 native plugins for Editor in 0.00 ms.
Initialize engine version: 2022.3.16f1 (6e3ab8aedbac)
[Subsystems] Discovering subsystems at path H:/Projects/Unity/Data/Resources/UnitySubsystems
[Subsystems] Discovering subsystems at path G:/MemoryProfilerAnalyze/Assets
GfxDevice: creating device client; threaded=0; jobified=0
Direct3D:
    Version:  Direct3D 11.0 [level 11.1]
    Renderer: NVIDIA GeForce GTX 1080 (ID=0x1b80)
    Vendor:   NVIDIA
    VRAM:     8072 MB
    Driver:   31.0.15.3623
Initialize mono
Mono path[0] = 'H:/Projects/Unity/Data/Managed'
Mono path[1] = 'H:/Projects/Unity/Data/MonoBleedingEdge/lib/mono/unityjit-win32'
Mono config path = 'H:/Projects/Unity/Data/MonoBleedingEdge/etc'
Using monoOptions --debugger-agent=transport=dt_socket,embedding=1,server=y,suspend=n,address=127.0.0.1:56184
Begin MonoManager ReloadAssembly
Registering precompiled unity dll's ...
Register platform support module: H:/Projects/Unity/Data/PlaybackEngines/WindowsStandaloneSupport/UnityEditor.WindowsStandalone.Extensions.dll
Registered in 0.003623 seconds.
- Loaded All Assemblies, in  0.451 seconds
Native extension for WindowsStandalone target not found
Mono: successfully reloaded assembly
- Finished resetting the current domain, in  0.371 seconds
Domain Reload Profiling: 822ms
	BeginReloadAssembly (137ms)
		ExecutionOrderSort (0ms)
		DisableScriptedObjects (0ms)
		BackupInstance (0ms)
		ReleaseScriptingObjects (0ms)
		CreateAndSetChildDomain (1ms)
	RebuildCommonClasses (44ms)
	RebuildNativeTypeToScriptingClass (17ms)
	initialDomainReloadingComplete (56ms)
	LoadAllAssembliesAndSetupDomain (195ms)
		LoadAssemblies (137ms)
		RebuildTransferFunctionScriptingTraits (0ms)
		AnalyzeDomain (192ms)
			TypeCache.Refresh (190ms)
				TypeCache.ScanAssembly (172ms)
			ScanForSourceGeneratedMonoScriptInfo (0ms)
			ResolveRequiredComponents (1ms)
	FinalizeReload (372ms)
		ReleaseScriptCaches (0ms)
		RebuildScriptCaches (0ms)
		SetupLoadedEditorAssemblies (293ms)
			LogAssemblyErrors (0ms)
			InitializePlatformSupportModulesInManaged (10ms)
			SetLoadedEditorAssemblies (10ms)
			RefreshPlugins (0ms)
			BeforeProcessingInitializeOnLoad (3ms)
			ProcessInitializeOnLoadAttributes (198ms)
			ProcessInitializeOnLoadMethodAttributes (71ms)
			AfterProcessingInitializeOnLoad (0ms)
			EditorAssembliesLoaded (0ms)
		ExecutionOrderSort2 (0ms)
		AwakeInstancesAfterBackupRestoration (0ms)
========================================================================
Worker process is ready to serve import requests
Begin MonoManager ReloadAssembly
- Loaded All Assemblies, in  0.897 seconds
Refreshing native plugins compatible for Editor in 11.26 ms, found 3 plugins.
Native extension for WindowsStandalone target not found
Package Manager log level set to [2]
[Package Manager] Server::EnsureServerProcessIsRunning -- launch failed, reason: Unity was launched with the -noUpm command-line argument
[Package Manager] UpmClient::Send -- Unable to send message (not connected to UPM process).
[Package Manager] Cannot connect to Unity Package Manager local server
Mono: successfully reloaded assembly
- Finished resetting the current domain, in  1.036 seconds
Domain Reload Profiling: 1932ms
	BeginReloadAssembly (194ms)
		ExecutionOrderSort (0ms)
		DisableScriptedObjects (7ms)
		BackupInstance (0ms)
		ReleaseScriptingObjects (0ms)
		CreateAndSetChildDomain (33ms)
	RebuildCommonClasses (40ms)
	RebuildNativeTypeToScriptingClass (13ms)
	initialDomainReloadingComplete (44ms)
	LoadAllAssembliesAndSetupDomain (604ms)
		LoadAssemblies (435ms)
		RebuildTransferFunctionScriptingTraits (0ms)
		AnalyzeDomain (276ms)
			TypeCache.Refresh (232ms)
				TypeCache.ScanAssembly (209ms)
			ScanForSourceGeneratedMonoScriptInfo (36ms)
			ResolveRequiredComponents (6ms)
	FinalizeReload (1036ms)
		ReleaseScriptCaches (0ms)
		RebuildScriptCaches (0ms)
		SetupLoadedEditorAssemblies (828ms)
			LogAssemblyErrors (0ms)
			InitializePlatformSupportModulesInManaged (5ms)
			SetLoadedEditorAssemblies (5ms)
			RefreshPlugins (0ms)
			BeforeProcessingInitializeOnLoad (133ms)
			ProcessInitializeOnLoadAttributes (460ms)
			ProcessInitializeOnLoadMethodAttributes (222ms)
			AfterProcessingInitializeOnLoad (3ms)
			EditorAssembliesLoaded (0ms)
		ExecutionOrderSort2 (0ms)
		AwakeInstancesAfterBackupRestoration (8ms)
Launched and connected shader compiler UnityShaderCompiler.exe after 0.05 seconds
Refreshing native plugins compatible for Editor in 8.38 ms, found 3 plugins.
Preloading 0 native plugins for Editor in 0.00 ms.
Unloading 4444 Unused Serialized files (Serialized files now loaded: 0)
Unloading 71 unused Assets / (73.2 KB). Loaded Objects now: 4881.
Memory consumption went from 152.8 MB to 152.7 MB.
Total: 6.800900 ms (FindLiveObjects: 0.388000 ms CreateObjectMapping: 0.402100 ms MarkObjects: 5.767400 ms  DeleteObjects: 0.241500 ms)

AssetImportParameters requested are different than current active one (requested -> active):
  custom:container-demuxer-ogg: 62fdf1f143b41e24485cea50d1cbac27 -> 
  custom:video-decoder-ogg-theora: a1e56fd34408186e4bbccfd4996cb3dc -> 
  custom:framework-win-MediaFoundation: 216162199b28c13a410421893ffa2e32 -> 
  custom:CustomObjectIndexerAttribute: 43b350a4d6e6d1791af0b5038c4bea17 -> 
  custom:container-demuxer-webm: 4f35f7cbe854078d1ac9338744f61a02 -> 
  custom:container-muxer-webm: aa71ff27fc2769a1b78a27578f13a17b -> 
  custom:video-decoder-webm-vp8: 9c59270c3fd7afecdb556c50c9e8de78 -> 
  custom:SearchIndexIgnoredProperties: e643bd26f0fe6173181afceb89e7c659 -> 
  custom:AudioImporter_EditorPlatform: d09bf68614088b80899f8185d706f6e7 -> 
  custom:video-encoder-webm-vp8: eb34c28f22e8b96e1ab97ce403110664 -> 
  custom:audio-decoder-ogg-vorbis: bf7c407c2cedff20999df2af8eb42d56 -> 
  custom:audio-encoder-webm-vorbis: bf7c407c2cedff20999df2af8eb42d56 -> 
========================================================================
Received Import Request.
  Time since last request: 882350.088174 seconds.
  path: Assets/ServerConfig.json
  artifactKey: Guid(47fa6b6312074285936dab6dbd656ba9) Importer(2089858483,0ecaa5967403d082aa24f35e1b516d23)
Start importing Assets/ServerConfig.json using Guid(47fa6b6312074285936dab6dbd656ba9) Importer(2089858483,0ecaa5967403d082aa24f35e1b516d23)  -> (artifact id: '9b8551a09668c1436b90e5776ae14ff1') in 0.069190 seconds
Number of updated asset objects reloaded before import = 0
Number of asset objects unloaded after import = 1
========================================================================
Received Import Request.
  Time since last request: 0.000029 seconds.
  path: Assets/Scripts/DataAO/RequestParam.cs
  artifactKey: Guid(55d2742163364b0f9b9337c6b7d195cc) Importer(2089858483,0ecaa5967403d082aa24f35e1b516d23)
Start importing Assets/Scripts/DataAO/RequestParam.cs using Guid(55d2742163364b0f9b9337c6b7d195cc) Importer(2089858483,0ecaa5967403d082aa24f35e1b516d23)  -> (artifact id: 'b3e7010fffefdd1c47972cce2369422e') in 0.031748 seconds
Number of updated asset objects reloaded before import = 0
Number of asset objects unloaded after import = 1
========================================================================
Received Import Request.
  Time since last request: 0.000024 seconds.
  path: Assets/LitJson/AssemblyInfo.cs.in
  artifactKey: Guid(969808069ff7201409f01c67427fa286) Importer(2089858483,0ecaa5967403d082aa24f35e1b516d23)
Start importing Assets/LitJson/AssemblyInfo.cs.in using Guid(969808069ff7201409f01c67427fa286) Importer(2089858483,0ecaa5967403d082aa24f35e1b516d23)  -> (artifact id: 'ec8b2aa53e9a3da20104d994e95aa9ab') in 0.005488 seconds
Number of updated asset objects reloaded before import = 0
Number of asset objects unloaded after import = 1
========================================================================
Received Import Request.
  Time since last request: 0.000043 seconds.
  path: Assets/LitJson/JsonWriter.cs
  artifactKey: Guid(341cce203a7116147b64a4ddf228fcff) Importer(2089858483,0ecaa5967403d082aa24f35e1b516d23)
Start importing Assets/LitJson/JsonWriter.cs using Guid(341cce203a7116147b64a4ddf228fcff) Importer(2089858483,0ecaa5967403d082aa24f35e1b516d23)  -> (artifact id: '411ddbaee83a2ad2a8466b5d7ebe4a4c') in 0.006432 seconds
Number of updated asset objects reloaded before import = 0
Number of asset objects unloaded after import = 1
========================================================================
Received Import Request.
  Time since last request: 0.000033 seconds.
  path: Assets/NetWork/DataElment/Data.cs
  artifactKey: Guid(e4ce6d36810646f282c4185cc22ab672) Importer(2089858483,0ecaa5967403d082aa24f35e1b516d23)
Start importing Assets/NetWork/DataElment/Data.cs using Guid(e4ce6d36810646f282c4185cc22ab672) Importer(2089858483,0ecaa5967403d082aa24f35e1b516d23)  -> (artifact id: '33d9fefbff5191195408b5b4007569f5') in 0.006346 seconds
Number of updated asset objects reloaded before import = 0
Number of asset objects unloaded after import = 1
========================================================================
Received Import Request.
  Time since last request: 0.000028 seconds.
  path: Assets/LitJson/JsonException.cs
  artifactKey: Guid(5a8f6df0c0713494daabbf1b1674f5a6) Importer(2089858483,0ecaa5967403d082aa24f35e1b516d23)
Start importing Assets/LitJson/JsonException.cs using Guid(5a8f6df0c0713494daabbf1b1674f5a6) Importer(2089858483,0ecaa5967403d082aa24f35e1b516d23)  -> (artifact id: '6d57873544957775a6d9a6eb4030cff4') in 0.006574 seconds
Number of updated asset objects reloaded before import = 0
Number of asset objects unloaded after import = 1
========================================================================
Received Import Request.
  Time since last request: 0.000027 seconds.
  path: Assets/Scenes/SampleScene.unity
  artifactKey: Guid(9fc0d4010bbf28b4594072e72b8655ab) Importer(2089858483,0ecaa5967403d082aa24f35e1b516d23)
Start importing Assets/Scenes/SampleScene.unity using Guid(9fc0d4010bbf28b4594072e72b8655ab) Importer(2089858483,0ecaa5967403d082aa24f35e1b516d23)  -> (artifact id: 'e859268b8cbe707f1ac48fd40d291e2b') in 0.005065 seconds
Number of updated asset objects reloaded before import = 0
Number of asset objects unloaded after import = 1
========================================================================
Received Import Request.
  Time since last request: 0.000024 seconds.
  path: Assets/LitJson/JsonReader.cs
  artifactKey: Guid(6bc62192a3a327f4cbc265a68700428f) Importer(2089858483,0ecaa5967403d082aa24f35e1b516d23)
Start importing Assets/LitJson/JsonReader.cs using Guid(6bc62192a3a327f4cbc265a68700428f) Importer(2089858483,0ecaa5967403d082aa24f35e1b516d23)  -> (artifact id: '0de5f2b46669ec2485806163db778ffa') in 0.006512 seconds
Number of updated asset objects reloaded before import = 0
Number of asset objects unloaded after import = 1
========================================================================
Received Import Request.
  Time since last request: 0.000030 seconds.
  path: Assets/LitJson/JsonMockWrapper.cs
  artifactKey: Guid(11b6cdaf2f69dff47b8edd04741621ef) Importer(2089858483,0ecaa5967403d082aa24f35e1b516d23)
Start importing Assets/LitJson/JsonMockWrapper.cs using Guid(11b6cdaf2f69dff47b8edd04741621ef) Importer(2089858483,0ecaa5967403d082aa24f35e1b516d23)  -> (artifact id: '1750f0426be7334ed16234e6a5b0d2b0') in 0.005796 seconds
Number of updated asset objects reloaded before import = 0
Number of asset objects unloaded after import = 1
========================================================================
Received Import Request.
  Time since last request: 0.000029 seconds.
  path: Assets/NetWork/DataElment/Session.cs
  artifactKey: Guid(373a31b2c04f4fbf84c2830a02c4d5b8) Importer(2089858483,0ecaa5967403d082aa24f35e1b516d23)
Start importing Assets/NetWork/DataElment/Session.cs using Guid(373a31b2c04f4fbf84c2830a02c4d5b8) Importer(2089858483,0ecaa5967403d082aa24f35e1b516d23)  -> (artifact id: 'db29aefcb4e568dfecc880bfda624984') in 0.005537 seconds
Number of updated asset objects reloaded before import = 0
Number of asset objects unloaded after import = 1
========================================================================
Received Import Request.
  Time since last request: 0.000025 seconds.
  path: Assets/Scripts/Tools.cs
  artifactKey: Guid(68a48575c98745c78efe19c7bc2c8a05) Importer(2089858483,0ecaa5967403d082aa24f35e1b516d23)
Start importing Assets/Scripts/Tools.cs using Guid(68a48575c98745c78efe19c7bc2c8a05) Importer(2089858483,0ecaa5967403d082aa24f35e1b516d23)  -> (artifact id: '1ee1cce17a37941551e70f7b83c2edbf') in 0.005910 seconds
Number of updated asset objects reloaded before import = 0
Number of asset objects unloaded after import = 1
========================================================================
Received Import Request.
  Time since last request: 0.000032 seconds.
  path: Assets/LitJson/ParserToken.cs
  artifactKey: Guid(59ce1bfc9d84bc548b00c7d78ca305e6) Importer(2089858483,0ecaa5967403d082aa24f35e1b516d23)
Start importing Assets/LitJson/ParserToken.cs using Guid(59ce1bfc9d84bc548b00c7d78ca305e6) Importer(2089858483,0ecaa5967403d082aa24f35e1b516d23)  -> (artifact id: 'b030b2e46067940ebd4322f36826a68a') in 0.005780 seconds
Number of updated asset objects reloaded before import = 0
Number of asset objects unloaded after import = 1
========================================================================
Received Import Request.
  Time since last request: 0.000027 seconds.
  path: Assets/LitJson/IJsonWrapper.cs
  artifactKey: Guid(2cfa5c0f579436042a5fdfa2a857bb17) Importer(2089858483,0ecaa5967403d082aa24f35e1b516d23)
Start importing Assets/LitJson/IJsonWrapper.cs using Guid(2cfa5c0f579436042a5fdfa2a857bb17) Importer(2089858483,0ecaa5967403d082aa24f35e1b516d23)  -> (artifact id: '794ce898ffd4fe33e7e5fd4671287775') in 0.007789 seconds
Number of updated asset objects reloaded before import = 0
Number of asset objects unloaded after import = 1
========================================================================
Received Import Request.
  Time since last request: 0.000022 seconds.
  path: Assets/Scripts/Entrance.cs
  artifactKey: Guid(cdcd626589904beeba69310a69122dd0) Importer(2089858483,0ecaa5967403d082aa24f35e1b516d23)
Start importing Assets/Scripts/Entrance.cs using Guid(cdcd626589904beeba69310a69122dd0) Importer(2089858483,0ecaa5967403d082aa24f35e1b516d23)  -> (artifact id: '3bc6b9eb117dcd5189786d10d72e268f') in 0.004980 seconds
Number of updated asset objects reloaded before import = 0
Number of asset objects unloaded after import = 1
========================================================================
Received Import Request.
  Time since last request: 0.000027 seconds.
  path: Assets/Scripts/UploadProcess.cs
  artifactKey: Guid(b8f08a85793148f79db511ff3787bcf6) Importer(2089858483,0ecaa5967403d082aa24f35e1b516d23)
Start importing Assets/Scripts/UploadProcess.cs using Guid(b8f08a85793148f79db511ff3787bcf6) Importer(2089858483,0ecaa5967403d082aa24f35e1b516d23)  -> (artifact id: 'd2e0f7389a5e827e513cb39038d6cccd') in 0.008411 seconds
Number of updated asset objects reloaded before import = 0
Number of asset objects unloaded after import = 1
========================================================================
Received Import Request.
  Time since last request: 0.000027 seconds.
  path: Assets/Scripts/Server.cs
  artifactKey: Guid(5ace1cc22b8924040b6545ea10c35897) Importer(2089858483,0ecaa5967403d082aa24f35e1b516d23)
Start importing Assets/Scripts/Server.cs using Guid(5ace1cc22b8924040b6545ea10c35897) Importer(2089858483,0ecaa5967403d082aa24f35e1b516d23)  -> (artifact id: 'add0bc55c66921ce1483b6103a9a2462') in 0.005773 seconds
Number of updated asset objects reloaded before import = 0
Number of asset objects unloaded after import = 1
========================================================================
Received Import Request.
  Time since last request: 0.000025 seconds.
  path: Assets/Scripts/ServerConfig.cs
  artifactKey: Guid(0090e2239db64c2f8e0ba4352cc6dc2c) Importer(2089858483,0ecaa5967403d082aa24f35e1b516d23)
Start importing Assets/Scripts/ServerConfig.cs using Guid(0090e2239db64c2f8e0ba4352cc6dc2c) Importer(2089858483,0ecaa5967403d082aa24f35e1b516d23)  -> (artifact id: '83cf875ad232ed77cf7371a73856cb40') in 0.005763 seconds
Number of updated asset objects reloaded before import = 0
Number of asset objects unloaded after import = 1
========================================================================
Received Import Request.
  Time since last request: 0.000027 seconds.
  path: Assets/Scripts/DataAO/Reparam.cs
  artifactKey: Guid(d706493547ef4c2fa769f2728e22b237) Importer(2089858483,0ecaa5967403d082aa24f35e1b516d23)
Start importing Assets/Scripts/DataAO/Reparam.cs using Guid(d706493547ef4c2fa769f2728e22b237) Importer(2089858483,0ecaa5967403d082aa24f35e1b516d23)  -> (artifact id: '7340983bb7679265d4b841aa98a2dd6e') in 0.005919 seconds
Number of updated asset objects reloaded before import = 0
Number of asset objects unloaded after import = 1
========================================================================
Received Import Request.
  Time since last request: 0.000025 seconds.
  path: Assets/NetWork/SocketServer.cs
  artifactKey: Guid(e7c1a0098ce948eb9d0323e7db788b32) Importer(2089858483,0ecaa5967403d082aa24f35e1b516d23)
Start importing Assets/NetWork/SocketServer.cs using Guid(e7c1a0098ce948eb9d0323e7db788b32) Importer(2089858483,0ecaa5967403d082aa24f35e1b516d23)  -> (artifact id: 'ee3cf640b267ccbd65b65a6596501c5e') in 0.005407 seconds
Number of updated asset objects reloaded before import = 0
Number of asset objects unloaded after import = 1
========================================================================
Received Import Request.
  Time since last request: 0.000024 seconds.
  path: Assets/NetWork/DataElment/ReceiveData.cs
  artifactKey: Guid(3bf7e325873944a8a349eeb128c6e16d) Importer(2089858483,0ecaa5967403d082aa24f35e1b516d23)
Start importing Assets/NetWork/DataElment/ReceiveData.cs using Guid(3bf7e325873944a8a349eeb128c6e16d) Importer(2089858483,0ecaa5967403d082aa24f35e1b516d23)  -> (artifact id: 'fb59f55b6e8f07dba5296d6332844499') in 0.006854 seconds
Number of updated asset objects reloaded before import = 0
Number of asset objects unloaded after import = 1
========================================================================
Received Import Request.
  Time since last request: 0.000027 seconds.
  path: Assets/LitJson/Netstandard15Polyfill.cs
  artifactKey: Guid(f11eae83aad1c6247af9c0c608f3bfdf) Importer(2089858483,0ecaa5967403d082aa24f35e1b516d23)
Start importing Assets/LitJson/Netstandard15Polyfill.cs using Guid(f11eae83aad1c6247af9c0c608f3bfdf) Importer(2089858483,0ecaa5967403d082aa24f35e1b516d23)  -> (artifact id: '5fa6a86b1f7007e28a6d69e462704315') in 0.009749 seconds
Number of updated asset objects reloaded before import = 0
Number of asset objects unloaded after import = 1
========================================================================
Received Import Request.
  Time since last request: 0.000035 seconds.
  path: Assets/LitJson/Lexer.cs
  artifactKey: Guid(2082898f9d6ea3749a673f7f77735a64) Importer(2089858483,0ecaa5967403d082aa24f35e1b516d23)
Start importing Assets/LitJson/Lexer.cs using Guid(2082898f9d6ea3749a673f7f77735a64) Importer(2089858483,0ecaa5967403d082aa24f35e1b516d23)  -> (artifact id: '5743735c98e591ca9af255c669ff5d9e') in 0.008732 seconds
Number of updated asset objects reloaded before import = 0
Number of asset objects unloaded after import = 1
